<?xml version="1.0" encoding="UTF-8"?>
<testsuite xmlns:xsi="http://www.w3.org/2001/XMLSchema-instance" xsi:noNamespaceSchemaLocation="https://maven.apache.org/surefire/maven-surefire-plugin/xsd/surefire-test-report-3.0.xsd" version="3.0" name="TestSuite" time="16.95" tests="1" errors="0" skipped="0" failures="1">
  <properties>
    <property name="java.specification.version" value="17"/>
    <property name="sun.jnu.encoding" value="UTF-8"/>
    <property name="java.class.path" value="/Users/fayeemmooktadeer/AutomatedApply/AutomatedApply/target/test-classes:/Users/fayeemmooktadeer/AutomatedApply/AutomatedApply/target/classes:/Users/fayeemmooktadeer/.m2/repository/org/seleniumhq/selenium/selenium-java/4.6.0/selenium-java-4.6.0.jar:/Users/fayeemmooktadeer/.m2/repository/org/seleniumhq/selenium/selenium-api/4.6.0/selenium-api-4.6.0.jar:/Users/fayeemmooktadeer/.m2/repository/org/seleniumhq/selenium/selenium-chrome-driver/4.6.0/selenium-chrome-driver-4.6.0.jar:/Users/fayeemmooktadeer/.m2/repository/com/google/auto/service/auto-service-annotations/1.0.1/auto-service-annotations-1.0.1.jar:/Users/fayeemmooktadeer/.m2/repository/com/google/auto/service/auto-service/1.0.1/auto-service-1.0.1.jar:/Users/fayeemmooktadeer/.m2/repository/com/google/auto/auto-common/1.2/auto-common-1.2.jar:/Users/fayeemmooktadeer/.m2/repository/com/google/guava/guava/31.1-jre/guava-31.1-jre.jar:/Users/fayeemmooktadeer/.m2/repository/com/google/guava/failureaccess/1.0.1/failureaccess-1.0.1.jar:/Users/fayeemmooktadeer/.m2/repository/com/google/guava/listenablefuture/9999.0-empty-to-avoid-conflict-with-guava/listenablefuture-9999.0-empty-to-avoid-conflict-with-guava.jar:/Users/fayeemmooktadeer/.m2/repository/org/checkerframework/checker-qual/3.12.0/checker-qual-3.12.0.jar:/Users/fayeemmooktadeer/.m2/repository/com/google/errorprone/error_prone_annotations/2.11.0/error_prone_annotations-2.11.0.jar:/Users/fayeemmooktadeer/.m2/repository/com/google/j2objc/j2objc-annotations/1.3/j2objc-annotations-1.3.jar:/Users/fayeemmooktadeer/.m2/repository/org/seleniumhq/selenium/selenium-chromium-driver/4.6.0/selenium-chromium-driver-4.6.0.jar:/Users/fayeemmooktadeer/.m2/repository/org/seleniumhq/selenium/selenium-json/4.6.0/selenium-json-4.6.0.jar:/Users/fayeemmooktadeer/.m2/repository/org/seleniumhq/selenium/selenium-devtools-v105/4.6.0/selenium-devtools-v105-4.6.0.jar:/Users/fayeemmooktadeer/.m2/repository/org/seleniumhq/selenium/selenium-devtools-v106/4.6.0/selenium-devtools-v106-4.6.0.jar:/Users/fayeemmooktadeer/.m2/repository/org/seleniumhq/selenium/selenium-devtools-v107/4.6.0/selenium-devtools-v107-4.6.0.jar:/Users/fayeemmooktadeer/.m2/repository/org/seleniumhq/selenium/selenium-devtools-v85/4.6.0/selenium-devtools-v85-4.6.0.jar:/Users/fayeemmooktadeer/.m2/repository/org/seleniumhq/selenium/selenium-edge-driver/4.6.0/selenium-edge-driver-4.6.0.jar:/Users/fayeemmooktadeer/.m2/repository/org/seleniumhq/selenium/selenium-firefox-driver/4.6.0/selenium-firefox-driver-4.6.0.jar:/Users/fayeemmooktadeer/.m2/repository/org/seleniumhq/selenium/selenium-ie-driver/4.6.0/selenium-ie-driver-4.6.0.jar:/Users/fayeemmooktadeer/.m2/repository/org/seleniumhq/selenium/selenium-remote-driver/4.6.0/selenium-remote-driver-4.6.0.jar:/Users/fayeemmooktadeer/.m2/repository/io/netty/netty-buffer/4.1.84.Final/netty-buffer-4.1.84.Final.jar:/Users/fayeemmooktadeer/.m2/repository/io/netty/netty-codec-http/4.1.84.Final/netty-codec-http-4.1.84.Final.jar:/Users/fayeemmooktadeer/.m2/repository/io/netty/netty-codec/4.1.84.Final/netty-codec-4.1.84.Final.jar:/Users/fayeemmooktadeer/.m2/repository/io/netty/netty-handler/4.1.84.Final/netty-handler-4.1.84.Final.jar:/Users/fayeemmooktadeer/.m2/repository/io/netty/netty-common/4.1.84.Final/netty-common-4.1.84.Final.jar:/Users/fayeemmooktadeer/.m2/repository/io/netty/netty-transport-classes-epoll/4.1.84.Final/netty-transport-classes-epoll-4.1.84.Final.jar:/Users/fayeemmooktadeer/.m2/repository/io/netty/netty-transport-classes-kqueue/4.1.84.Final/netty-transport-classes-kqueue-4.1.84.Final.jar:/Users/fayeemmooktadeer/.m2/repository/io/netty/netty-transport-native-epoll/4.1.84.Final/netty-transport-native-epoll-4.1.84.Final.jar:/Users/fayeemmooktadeer/.m2/repository/io/netty/netty-transport-native-kqueue/4.1.84.Final/netty-transport-native-kqueue-4.1.84.Final.jar:/Users/fayeemmooktadeer/.m2/repository/io/netty/netty-transport-native-unix-common/4.1.84.Final/netty-transport-native-unix-common-4.1.84.Final.jar:/Users/fayeemmooktadeer/.m2/repository/io/netty/netty-transport/4.1.84.Final/netty-transport-4.1.84.Final.jar:/Users/fayeemmooktadeer/.m2/repository/io/netty/netty-resolver/4.1.84.Final/netty-resolver-4.1.84.Final.jar:/Users/fayeemmooktadeer/.m2/repository/io/opentelemetry/opentelemetry-api/1.19.0/opentelemetry-api-1.19.0.jar:/Users/fayeemmooktadeer/.m2/repository/io/opentelemetry/opentelemetry-context/1.19.0/opentelemetry-context-1.19.0.jar:/Users/fayeemmooktadeer/.m2/repository/io/opentelemetry/opentelemetry-exporter-logging/1.19.0/opentelemetry-exporter-logging-1.19.0.jar:/Users/fayeemmooktadeer/.m2/repository/io/opentelemetry/opentelemetry-sdk-metrics/1.19.0/opentelemetry-sdk-metrics-1.19.0.jar:/Users/fayeemmooktadeer/.m2/repository/io/opentelemetry/opentelemetry-sdk-logs/1.19.0-alpha/opentelemetry-sdk-logs-1.19.0-alpha.jar:/Users/fayeemmooktadeer/.m2/repository/io/opentelemetry/opentelemetry-api-logs/1.19.0-alpha/opentelemetry-api-logs-1.19.0-alpha.jar:/Users/fayeemmooktadeer/.m2/repository/io/opentelemetry/opentelemetry-sdk-common/1.19.0/opentelemetry-sdk-common-1.19.0.jar:/Users/fayeemmooktadeer/.m2/repository/io/opentelemetry/opentelemetry-sdk-extension-autoconfigure-spi/1.19.0/opentelemetry-sdk-extension-autoconfigure-spi-1.19.0.jar:/Users/fayeemmooktadeer/.m2/repository/io/opentelemetry/opentelemetry-sdk-extension-autoconfigure/1.19.0-alpha/opentelemetry-sdk-extension-autoconfigure-1.19.0-alpha.jar:/Users/fayeemmooktadeer/.m2/repository/io/opentelemetry/opentelemetry-exporter-common/1.19.0/opentelemetry-exporter-common-1.19.0.jar:/Users/fayeemmooktadeer/.m2/repository/io/opentelemetry/opentelemetry-sdk-trace/1.19.0/opentelemetry-sdk-trace-1.19.0.jar:/Users/fayeemmooktadeer/.m2/repository/io/opentelemetry/opentelemetry-sdk/1.19.0/opentelemetry-sdk-1.19.0.jar:/Users/fayeemmooktadeer/.m2/repository/io/opentelemetry/opentelemetry-semconv/1.19.0-alpha/opentelemetry-semconv-1.19.0-alpha.jar:/Users/fayeemmooktadeer/.m2/repository/io/ous/jtoml/2.0.0/jtoml-2.0.0.jar:/Users/fayeemmooktadeer/.m2/repository/net/bytebuddy/byte-buddy/1.12.18/byte-buddy-1.12.18.jar:/Users/fayeemmooktadeer/.m2/repository/org/apache/commons/commons-exec/1.3/commons-exec-1.3.jar:/Users/fayeemmooktadeer/.m2/repository/org/asynchttpclient/async-http-client/2.12.3/async-http-client-2.12.3.jar:/Users/fayeemmooktadeer/.m2/repository/org/asynchttpclient/async-http-client-netty-utils/2.12.3/async-http-client-netty-utils-2.12.3.jar:/Users/fayeemmooktadeer/.m2/repository/io/netty/netty-codec-socks/4.1.60.Final/netty-codec-socks-4.1.60.Final.jar:/Users/fayeemmooktadeer/.m2/repository/io/netty/netty-handler-proxy/4.1.60.Final/netty-handler-proxy-4.1.60.Final.jar:/Users/fayeemmooktadeer/.m2/repository/io/netty/netty-transport-native-epoll/4.1.60.Final/netty-transport-native-epoll-4.1.60.Final-linux-x86_64.jar:/Users/fayeemmooktadeer/.m2/repository/io/netty/netty-transport-native-kqueue/4.1.60.Final/netty-transport-native-kqueue-4.1.60.Final-osx-x86_64.jar:/Users/fayeemmooktadeer/.m2/repository/org/reactivestreams/reactive-streams/1.0.3/reactive-streams-1.0.3.jar:/Users/fayeemmooktadeer/.m2/repository/com/typesafe/netty/netty-reactive-streams/2.0.4/netty-reactive-streams-2.0.4.jar:/Users/fayeemmooktadeer/.m2/repository/com/sun/activation/jakarta.activation/1.2.2/jakarta.activation-1.2.2.jar:/Users/fayeemmooktadeer/.m2/repository/org/seleniumhq/selenium/selenium-http/4.6.0/selenium-http-4.6.0.jar:/Users/fayeemmooktadeer/.m2/repository/dev/failsafe/failsafe/3.3.0/failsafe-3.3.0.jar:/Users/fayeemmooktadeer/.m2/repository/org/seleniumhq/selenium/selenium-manager/4.6.0/selenium-manager-4.6.0.jar:/Users/fayeemmooktadeer/.m2/repository/org/seleniumhq/selenium/selenium-safari-driver/4.6.0/selenium-safari-driver-4.6.0.jar:/Users/fayeemmooktadeer/.m2/repository/org/seleniumhq/selenium/selenium-support/4.6.0/selenium-support-4.6.0.jar:/Users/fayeemmooktadeer/.m2/repository/org/testng/testng/7.6.1/testng-7.6.1.jar:/Users/fayeemmooktadeer/.m2/repository/com/google/code/findbugs/jsr305/3.0.2/jsr305-3.0.2.jar:/Users/fayeemmooktadeer/.m2/repository/org/slf4j/slf4j-api/1.7.36/slf4j-api-1.7.36.jar:/Users/fayeemmooktadeer/.m2/repository/com/beust/jcommander/1.82/jcommander-1.82.jar:/Users/fayeemmooktadeer/.m2/repository/org/webjars/jquery/3.6.0/jquery-3.6.0.jar:/Users/fayeemmooktadeer/.m2/repository/com/thegoate/restassured/0.15.17.202208262237/restassured-0.15.17.202208262237.jar:/Users/fayeemmooktadeer/.m2/repository/io/rest-assured/rest-assured/5.1.1/rest-assured-5.1.1.jar:/Users/fayeemmooktadeer/.m2/repository/org/apache/groovy/groovy/4.0.1/groovy-4.0.1.jar:/Users/fayeemmooktadeer/.m2/repository/org/apache/groovy/groovy-xml/4.0.1/groovy-xml-4.0.1.jar:/Users/fayeemmooktadeer/.m2/repository/org/apache/httpcomponents/httpclient/4.5.13/httpclient-4.5.13.jar:/Users/fayeemmooktadeer/.m2/repository/org/apache/httpcomponents/httpcore/4.4.13/httpcore-4.4.13.jar:/Users/fayeemmooktadeer/.m2/repository/commons-logging/commons-logging/1.2/commons-logging-1.2.jar:/Users/fayeemmooktadeer/.m2/repository/org/apache/httpcomponents/httpmime/4.5.13/httpmime-4.5.13.jar:/Users/fayeemmooktadeer/.m2/repository/org/hamcrest/hamcrest/2.1/hamcrest-2.1.jar:/Users/fayeemmooktadeer/.m2/repository/org/ccil/cowan/tagsoup/tagsoup/1.2.1/tagsoup-1.2.1.jar:/Users/fayeemmooktadeer/.m2/repository/io/rest-assured/json-path/5.1.1/json-path-5.1.1.jar:/Users/fayeemmooktadeer/.m2/repository/org/apache/groovy/groovy-json/4.0.1/groovy-json-4.0.1.jar:/Users/fayeemmooktadeer/.m2/repository/io/rest-assured/rest-assured-common/5.1.1/rest-assured-common-5.1.1.jar:/Users/fayeemmooktadeer/.m2/repository/io/rest-assured/xml-path/5.1.1/xml-path-5.1.1.jar:/Users/fayeemmooktadeer/.m2/repository/org/apache/commons/commons-lang3/3.11/commons-lang3-3.11.jar:/Users/fayeemmooktadeer/.m2/repository/com/github/dzieciou/testing/curl-logger/2.1.1/curl-logger-2.1.1.jar:/Users/fayeemmooktadeer/.m2/repository/com/thegoate/kernel/0.15.17.202208262237/kernel-0.15.17.202208262237.jar:/Users/fayeemmooktadeer/.m2/repository/org/atteo/classindex/classindex/3.11/classindex-3.11.jar:/Users/fayeemmooktadeer/.m2/repository/com/thegoate/rest/0.15.17.202208262237/rest-0.15.17.202208262237.jar:/Users/fayeemmooktadeer/.m2/repository/org/apache/poi/poi-ooxml/5.2.3/poi-ooxml-5.2.3.jar:/Users/fayeemmooktadeer/.m2/repository/org/apache/poi/poi-ooxml-lite/5.2.3/poi-ooxml-lite-5.2.3.jar:/Users/fayeemmooktadeer/.m2/repository/org/apache/xmlbeans/xmlbeans/5.1.1/xmlbeans-5.1.1.jar:/Users/fayeemmooktadeer/.m2/repository/org/apache/commons/commons-compress/1.21/commons-compress-1.21.jar:/Users/fayeemmooktadeer/.m2/repository/commons-io/commons-io/2.11.0/commons-io-2.11.0.jar:/Users/fayeemmooktadeer/.m2/repository/com/github/virtuald/curvesapi/1.07/curvesapi-1.07.jar:/Users/fayeemmooktadeer/.m2/repository/org/apache/logging/log4j/log4j-api/2.18.0/log4j-api-2.18.0.jar:/Users/fayeemmooktadeer/.m2/repository/org/apache/commons/commons-collections4/4.4/commons-collections4-4.4.jar:/Users/fayeemmooktadeer/.m2/repository/org/apache/poi/poi/5.2.3/poi-5.2.3.jar:/Users/fayeemmooktadeer/.m2/repository/commons-codec/commons-codec/1.15/commons-codec-1.15.jar:/Users/fayeemmooktadeer/.m2/repository/org/apache/commons/commons-math3/3.6.1/commons-math3-3.6.1.jar:/Users/fayeemmooktadeer/.m2/repository/com/zaxxer/SparseBitSet/1.2/SparseBitSet-1.2.jar:/Users/fayeemmooktadeer/.m2/repository/com/mysql/mysql-connector-j/8.0.31/mysql-connector-j-8.0.31.jar:/Users/fayeemmooktadeer/.m2/repository/com/google/protobuf/protobuf-java/3.19.4/protobuf-java-3.19.4.jar:/Users/fayeemmooktadeer/.m2/repository/xml-apis/xml-apis/1.0.b2/xml-apis-1.0.b2.jar:"/>
    <property name="java.vm.vendor" value="Eclipse Adoptium"/>
    <property name="sun.arch.data.model" value="64"/>
    <property name="java.vendor.url" value="https://adoptium.net/"/>
    <property name="user.timezone" value="America/New_York"/>
    <property name="os.name" value="Mac OS X"/>
    <property name="java.vm.specification.version" value="17"/>
    <property name="sun.java.launcher" value="SUN_STANDARD"/>
    <property name="user.country" value="US"/>
    <property name="sun.boot.library.path" value="/Library/Java/JavaVirtualMachines/temurin-17.jdk/Contents/Home/lib"/>
    <property name="sun.java.command" value="/Users/fayeemmooktadeer/AutomatedApply/AutomatedApply/target/surefire/surefirebooter-20221213133845748_3.jar /Users/fayeemmooktadeer/AutomatedApply/AutomatedApply/target/surefire 2022-12-13T13-38-45_532-jvmRun1 surefire-20221213133845748_1tmp surefire_0-20221213133845748_2tmp"/>
    <property name="http.nonProxyHosts" value="local|*.local|169.254/16|*.169.254/16"/>
    <property name="jdk.debug" value="release"/>
    <property name="surefire.test.class.path" value="/Users/fayeemmooktadeer/AutomatedApply/AutomatedApply/target/test-classes:/Users/fayeemmooktadeer/AutomatedApply/AutomatedApply/target/classes:/Users/fayeemmooktadeer/.m2/repository/org/seleniumhq/selenium/selenium-java/4.6.0/selenium-java-4.6.0.jar:/Users/fayeemmooktadeer/.m2/repository/org/seleniumhq/selenium/selenium-api/4.6.0/selenium-api-4.6.0.jar:/Users/fayeemmooktadeer/.m2/repository/org/seleniumhq/selenium/selenium-chrome-driver/4.6.0/selenium-chrome-driver-4.6.0.jar:/Users/fayeemmooktadeer/.m2/repository/com/google/auto/service/auto-service-annotations/1.0.1/auto-service-annotations-1.0.1.jar:/Users/fayeemmooktadeer/.m2/repository/com/google/auto/service/auto-service/1.0.1/auto-service-1.0.1.jar:/Users/fayeemmooktadeer/.m2/repository/com/google/auto/auto-common/1.2/auto-common-1.2.jar:/Users/fayeemmooktadeer/.m2/repository/com/google/guava/guava/31.1-jre/guava-31.1-jre.jar:/Users/fayeemmooktadeer/.m2/repository/com/google/guava/failureaccess/1.0.1/failureaccess-1.0.1.jar:/Users/fayeemmooktadeer/.m2/repository/com/google/guava/listenablefuture/9999.0-empty-to-avoid-conflict-with-guava/listenablefuture-9999.0-empty-to-avoid-conflict-with-guava.jar:/Users/fayeemmooktadeer/.m2/repository/org/checkerframework/checker-qual/3.12.0/checker-qual-3.12.0.jar:/Users/fayeemmooktadeer/.m2/repository/com/google/errorprone/error_prone_annotations/2.11.0/error_prone_annotations-2.11.0.jar:/Users/fayeemmooktadeer/.m2/repository/com/google/j2objc/j2objc-annotations/1.3/j2objc-annotations-1.3.jar:/Users/fayeemmooktadeer/.m2/repository/org/seleniumhq/selenium/selenium-chromium-driver/4.6.0/selenium-chromium-driver-4.6.0.jar:/Users/fayeemmooktadeer/.m2/repository/org/seleniumhq/selenium/selenium-json/4.6.0/selenium-json-4.6.0.jar:/Users/fayeemmooktadeer/.m2/repository/org/seleniumhq/selenium/selenium-devtools-v105/4.6.0/selenium-devtools-v105-4.6.0.jar:/Users/fayeemmooktadeer/.m2/repository/org/seleniumhq/selenium/selenium-devtools-v106/4.6.0/selenium-devtools-v106-4.6.0.jar:/Users/fayeemmooktadeer/.m2/repository/org/seleniumhq/selenium/selenium-devtools-v107/4.6.0/selenium-devtools-v107-4.6.0.jar:/Users/fayeemmooktadeer/.m2/repository/org/seleniumhq/selenium/selenium-devtools-v85/4.6.0/selenium-devtools-v85-4.6.0.jar:/Users/fayeemmooktadeer/.m2/repository/org/seleniumhq/selenium/selenium-edge-driver/4.6.0/selenium-edge-driver-4.6.0.jar:/Users/fayeemmooktadeer/.m2/repository/org/seleniumhq/selenium/selenium-firefox-driver/4.6.0/selenium-firefox-driver-4.6.0.jar:/Users/fayeemmooktadeer/.m2/repository/org/seleniumhq/selenium/selenium-ie-driver/4.6.0/selenium-ie-driver-4.6.0.jar:/Users/fayeemmooktadeer/.m2/repository/org/seleniumhq/selenium/selenium-remote-driver/4.6.0/selenium-remote-driver-4.6.0.jar:/Users/fayeemmooktadeer/.m2/repository/io/netty/netty-buffer/4.1.84.Final/netty-buffer-4.1.84.Final.jar:/Users/fayeemmooktadeer/.m2/repository/io/netty/netty-codec-http/4.1.84.Final/netty-codec-http-4.1.84.Final.jar:/Users/fayeemmooktadeer/.m2/repository/io/netty/netty-codec/4.1.84.Final/netty-codec-4.1.84.Final.jar:/Users/fayeemmooktadeer/.m2/repository/io/netty/netty-handler/4.1.84.Final/netty-handler-4.1.84.Final.jar:/Users/fayeemmooktadeer/.m2/repository/io/netty/netty-common/4.1.84.Final/netty-common-4.1.84.Final.jar:/Users/fayeemmooktadeer/.m2/repository/io/netty/netty-transport-classes-epoll/4.1.84.Final/netty-transport-classes-epoll-4.1.84.Final.jar:/Users/fayeemmooktadeer/.m2/repository/io/netty/netty-transport-classes-kqueue/4.1.84.Final/netty-transport-classes-kqueue-4.1.84.Final.jar:/Users/fayeemmooktadeer/.m2/repository/io/netty/netty-transport-native-epoll/4.1.84.Final/netty-transport-native-epoll-4.1.84.Final.jar:/Users/fayeemmooktadeer/.m2/repository/io/netty/netty-transport-native-kqueue/4.1.84.Final/netty-transport-native-kqueue-4.1.84.Final.jar:/Users/fayeemmooktadeer/.m2/repository/io/netty/netty-transport-native-unix-common/4.1.84.Final/netty-transport-native-unix-common-4.1.84.Final.jar:/Users/fayeemmooktadeer/.m2/repository/io/netty/netty-transport/4.1.84.Final/netty-transport-4.1.84.Final.jar:/Users/fayeemmooktadeer/.m2/repository/io/netty/netty-resolver/4.1.84.Final/netty-resolver-4.1.84.Final.jar:/Users/fayeemmooktadeer/.m2/repository/io/opentelemetry/opentelemetry-api/1.19.0/opentelemetry-api-1.19.0.jar:/Users/fayeemmooktadeer/.m2/repository/io/opentelemetry/opentelemetry-context/1.19.0/opentelemetry-context-1.19.0.jar:/Users/fayeemmooktadeer/.m2/repository/io/opentelemetry/opentelemetry-exporter-logging/1.19.0/opentelemetry-exporter-logging-1.19.0.jar:/Users/fayeemmooktadeer/.m2/repository/io/opentelemetry/opentelemetry-sdk-metrics/1.19.0/opentelemetry-sdk-metrics-1.19.0.jar:/Users/fayeemmooktadeer/.m2/repository/io/opentelemetry/opentelemetry-sdk-logs/1.19.0-alpha/opentelemetry-sdk-logs-1.19.0-alpha.jar:/Users/fayeemmooktadeer/.m2/repository/io/opentelemetry/opentelemetry-api-logs/1.19.0-alpha/opentelemetry-api-logs-1.19.0-alpha.jar:/Users/fayeemmooktadeer/.m2/repository/io/opentelemetry/opentelemetry-sdk-common/1.19.0/opentelemetry-sdk-common-1.19.0.jar:/Users/fayeemmooktadeer/.m2/repository/io/opentelemetry/opentelemetry-sdk-extension-autoconfigure-spi/1.19.0/opentelemetry-sdk-extension-autoconfigure-spi-1.19.0.jar:/Users/fayeemmooktadeer/.m2/repository/io/opentelemetry/opentelemetry-sdk-extension-autoconfigure/1.19.0-alpha/opentelemetry-sdk-extension-autoconfigure-1.19.0-alpha.jar:/Users/fayeemmooktadeer/.m2/repository/io/opentelemetry/opentelemetry-exporter-common/1.19.0/opentelemetry-exporter-common-1.19.0.jar:/Users/fayeemmooktadeer/.m2/repository/io/opentelemetry/opentelemetry-sdk-trace/1.19.0/opentelemetry-sdk-trace-1.19.0.jar:/Users/fayeemmooktadeer/.m2/repository/io/opentelemetry/opentelemetry-sdk/1.19.0/opentelemetry-sdk-1.19.0.jar:/Users/fayeemmooktadeer/.m2/repository/io/opentelemetry/opentelemetry-semconv/1.19.0-alpha/opentelemetry-semconv-1.19.0-alpha.jar:/Users/fayeemmooktadeer/.m2/repository/io/ous/jtoml/2.0.0/jtoml-2.0.0.jar:/Users/fayeemmooktadeer/.m2/repository/net/bytebuddy/byte-buddy/1.12.18/byte-buddy-1.12.18.jar:/Users/fayeemmooktadeer/.m2/repository/org/apache/commons/commons-exec/1.3/commons-exec-1.3.jar:/Users/fayeemmooktadeer/.m2/repository/org/asynchttpclient/async-http-client/2.12.3/async-http-client-2.12.3.jar:/Users/fayeemmooktadeer/.m2/repository/org/asynchttpclient/async-http-client-netty-utils/2.12.3/async-http-client-netty-utils-2.12.3.jar:/Users/fayeemmooktadeer/.m2/repository/io/netty/netty-codec-socks/4.1.60.Final/netty-codec-socks-4.1.60.Final.jar:/Users/fayeemmooktadeer/.m2/repository/io/netty/netty-handler-proxy/4.1.60.Final/netty-handler-proxy-4.1.60.Final.jar:/Users/fayeemmooktadeer/.m2/repository/io/netty/netty-transport-native-epoll/4.1.60.Final/netty-transport-native-epoll-4.1.60.Final-linux-x86_64.jar:/Users/fayeemmooktadeer/.m2/repository/io/netty/netty-transport-native-kqueue/4.1.60.Final/netty-transport-native-kqueue-4.1.60.Final-osx-x86_64.jar:/Users/fayeemmooktadeer/.m2/repository/org/reactivestreams/reactive-streams/1.0.3/reactive-streams-1.0.3.jar:/Users/fayeemmooktadeer/.m2/repository/com/typesafe/netty/netty-reactive-streams/2.0.4/netty-reactive-streams-2.0.4.jar:/Users/fayeemmooktadeer/.m2/repository/com/sun/activation/jakarta.activation/1.2.2/jakarta.activation-1.2.2.jar:/Users/fayeemmooktadeer/.m2/repository/org/seleniumhq/selenium/selenium-http/4.6.0/selenium-http-4.6.0.jar:/Users/fayeemmooktadeer/.m2/repository/dev/failsafe/failsafe/3.3.0/failsafe-3.3.0.jar:/Users/fayeemmooktadeer/.m2/repository/org/seleniumhq/selenium/selenium-manager/4.6.0/selenium-manager-4.6.0.jar:/Users/fayeemmooktadeer/.m2/repository/org/seleniumhq/selenium/selenium-safari-driver/4.6.0/selenium-safari-driver-4.6.0.jar:/Users/fayeemmooktadeer/.m2/repository/org/seleniumhq/selenium/selenium-support/4.6.0/selenium-support-4.6.0.jar:/Users/fayeemmooktadeer/.m2/repository/org/testng/testng/7.6.1/testng-7.6.1.jar:/Users/fayeemmooktadeer/.m2/repository/com/google/code/findbugs/jsr305/3.0.2/jsr305-3.0.2.jar:/Users/fayeemmooktadeer/.m2/repository/org/slf4j/slf4j-api/1.7.36/slf4j-api-1.7.36.jar:/Users/fayeemmooktadeer/.m2/repository/com/beust/jcommander/1.82/jcommander-1.82.jar:/Users/fayeemmooktadeer/.m2/repository/org/webjars/jquery/3.6.0/jquery-3.6.0.jar:/Users/fayeemmooktadeer/.m2/repository/com/thegoate/restassured/0.15.17.202208262237/restassured-0.15.17.202208262237.jar:/Users/fayeemmooktadeer/.m2/repository/io/rest-assured/rest-assured/5.1.1/rest-assured-5.1.1.jar:/Users/fayeemmooktadeer/.m2/repository/org/apache/groovy/groovy/4.0.1/groovy-4.0.1.jar:/Users/fayeemmooktadeer/.m2/repository/org/apache/groovy/groovy-xml/4.0.1/groovy-xml-4.0.1.jar:/Users/fayeemmooktadeer/.m2/repository/org/apache/httpcomponents/httpclient/4.5.13/httpclient-4.5.13.jar:/Users/fayeemmooktadeer/.m2/repository/org/apache/httpcomponents/httpcore/4.4.13/httpcore-4.4.13.jar:/Users/fayeemmooktadeer/.m2/repository/commons-logging/commons-logging/1.2/commons-logging-1.2.jar:/Users/fayeemmooktadeer/.m2/repository/org/apache/httpcomponents/httpmime/4.5.13/httpmime-4.5.13.jar:/Users/fayeemmooktadeer/.m2/repository/org/hamcrest/hamcrest/2.1/hamcrest-2.1.jar:/Users/fayeemmooktadeer/.m2/repository/org/ccil/cowan/tagsoup/tagsoup/1.2.1/tagsoup-1.2.1.jar:/Users/fayeemmooktadeer/.m2/repository/io/rest-assured/json-path/5.1.1/json-path-5.1.1.jar:/Users/fayeemmooktadeer/.m2/repository/org/apache/groovy/groovy-json/4.0.1/groovy-json-4.0.1.jar:/Users/fayeemmooktadeer/.m2/repository/io/rest-assured/rest-assured-common/5.1.1/rest-assured-common-5.1.1.jar:/Users/fayeemmooktadeer/.m2/repository/io/rest-assured/xml-path/5.1.1/xml-path-5.1.1.jar:/Users/fayeemmooktadeer/.m2/repository/org/apache/commons/commons-lang3/3.11/commons-lang3-3.11.jar:/Users/fayeemmooktadeer/.m2/repository/com/github/dzieciou/testing/curl-logger/2.1.1/curl-logger-2.1.1.jar:/Users/fayeemmooktadeer/.m2/repository/com/thegoate/kernel/0.15.17.202208262237/kernel-0.15.17.202208262237.jar:/Users/fayeemmooktadeer/.m2/repository/org/atteo/classindex/classindex/3.11/classindex-3.11.jar:/Users/fayeemmooktadeer/.m2/repository/com/thegoate/rest/0.15.17.202208262237/rest-0.15.17.202208262237.jar:/Users/fayeemmooktadeer/.m2/repository/org/apache/poi/poi-ooxml/5.2.3/poi-ooxml-5.2.3.jar:/Users/fayeemmooktadeer/.m2/repository/org/apache/poi/poi-ooxml-lite/5.2.3/poi-ooxml-lite-5.2.3.jar:/Users/fayeemmooktadeer/.m2/repository/org/apache/xmlbeans/xmlbeans/5.1.1/xmlbeans-5.1.1.jar:/Users/fayeemmooktadeer/.m2/repository/org/apache/commons/commons-compress/1.21/commons-compress-1.21.jar:/Users/fayeemmooktadeer/.m2/repository/commons-io/commons-io/2.11.0/commons-io-2.11.0.jar:/Users/fayeemmooktadeer/.m2/repository/com/github/virtuald/curvesapi/1.07/curvesapi-1.07.jar:/Users/fayeemmooktadeer/.m2/repository/org/apache/logging/log4j/log4j-api/2.18.0/log4j-api-2.18.0.jar:/Users/fayeemmooktadeer/.m2/repository/org/apache/commons/commons-collections4/4.4/commons-collections4-4.4.jar:/Users/fayeemmooktadeer/.m2/repository/org/apache/poi/poi/5.2.3/poi-5.2.3.jar:/Users/fayeemmooktadeer/.m2/repository/commons-codec/commons-codec/1.15/commons-codec-1.15.jar:/Users/fayeemmooktadeer/.m2/repository/org/apache/commons/commons-math3/3.6.1/commons-math3-3.6.1.jar:/Users/fayeemmooktadeer/.m2/repository/com/zaxxer/SparseBitSet/1.2/SparseBitSet-1.2.jar:/Users/fayeemmooktadeer/.m2/repository/com/mysql/mysql-connector-j/8.0.31/mysql-connector-j-8.0.31.jar:/Users/fayeemmooktadeer/.m2/repository/com/google/protobuf/protobuf-java/3.19.4/protobuf-java-3.19.4.jar:/Users/fayeemmooktadeer/.m2/repository/xml-apis/xml-apis/1.0.b2/xml-apis-1.0.b2.jar:"/>
    <property name="sun.cpu.endian" value="little"/>
    <property name="user.home" value="/Users/fayeemmooktadeer"/>
    <property name="user.language" value="en"/>
    <property name="java.specification.vendor" value="Oracle Corporation"/>
    <property name="java.version.date" value="2021-10-19"/>
    <property name="java.home" value="/Library/Java/JavaVirtualMachines/temurin-17.jdk/Contents/Home"/>
    <property name="file.separator" value="/"/>
    <property name="basedir" value="/Users/fayeemmooktadeer/AutomatedApply/AutomatedApply"/>
    <property name="java.vm.compressedOopsMode" value="Zero based"/>
    <property name="line.separator" value="&#10;"/>
    <property name="java.vm.specification.vendor" value="Oracle Corporation"/>
    <property name="java.specification.name" value="Java Platform API Specification"/>
    <property name="surefire.real.class.path" value="/Users/fayeemmooktadeer/AutomatedApply/AutomatedApply/target/surefire/surefirebooter-20221213133845748_3.jar"/>
    <property name="sun.management.compiler" value="HotSpot 64-Bit Tiered Compilers"/>
    <property name="ftp.nonProxyHosts" value="local|*.local|169.254/16|*.169.254/16"/>
    <property name="java.runtime.version" value="17.0.1+12"/>
    <property name="user.name" value="fayeemmooktadeer"/>
    <property name="path.separator" value=":"/>
    <property name="os.version" value="11.1"/>
    <property name="java.runtime.name" value="OpenJDK Runtime Environment"/>
    <property name="file.encoding" value="UTF-8"/>
    <property name="java.vm.name" value="OpenJDK 64-Bit Server VM"/>
    <property name="java.vendor.version" value="Temurin-17.0.1+12"/>
    <property name="localRepository" value="/Users/fayeemmooktadeer/.m2/repository"/>
    <property name="java.vendor.url.bug" value="https://github.com/adoptium/adoptium-support/issues"/>
    <property name="java.io.tmpdir" value="/var/folders/5s/r45ms75d7ydfv1p3hzj891xc0000gn/T/"/>
    <property name="idea.version" value="2022.2.1"/>
    <property name="java.version" value="17.0.1"/>
    <property name="user.dir" value="/Users/fayeemmooktadeer/AutomatedApply/AutomatedApply"/>
    <property name="os.arch" value="x86_64"/>
    <property name="webdriver.gecko.driver" value="/Users/fayeemmooktadeer/Desktop/Grid/geckodriver"/>
    <property name="java.vm.specification.name" value="Java Virtual Machine Specification"/>
    <property name="native.encoding" value="UTF-8"/>
    <property name="java.library.path" value="/Users/fayeemmooktadeer/Library/Java/Extensions:/Library/Java/Extensions:/Network/Library/Java/Extensions:/System/Library/Java/Extensions:/usr/lib/java:."/>
    <property name="java.vm.info" value="mixed mode, sharing"/>
    <property name="java.vendor" value="Eclipse Adoptium"/>
    <property name="java.vm.version" value="17.0.1+12"/>
    <property name="sun.io.unicode.encoding" value="UnicodeBig"/>
    <property name="socksNonProxyHosts" value="local|*.local|169.254/16|*.169.254/16"/>
    <property name="java.class.version" value="61.0"/>
  </properties>
  <testcase name="RegistrationImplementation[demoPurposes](1)" classname="WebBrowserRegistration.Automation.registrationFramework" time="16.561">
    <failure message="Failed to decode response from marionette&#10;Build info: version: &apos;4.6.0&apos;, revision: &apos;79f1c02ae20&apos;&#10;System info: os.name: &apos;Mac OS X&apos;, os.arch: &apos;x86_64&apos;, os.version: &apos;11.1&apos;, java.version: &apos;17.0.1&apos;&#10;Driver info: org.openqa.selenium.firefox.FirefoxDriver&#10;Command: [02b9978f-edd4-4ffa-8638-aa49e83e0ce3, executeScript {script=window.scrollBy(0,600), args=[]}]&#10;Capabilities {acceptInsecureCerts: true, browserName: firefox, browserVersion: 107.0.1, moz:accessibilityChecks: false, moz:buildID: 20221128144904, moz:debuggerAddress: 127.0.0.1:11915, moz:geckodriverVersion: 0.31.0, moz:headless: false, moz:platformVersion: 21.2.0, moz:processID: 1634, moz:profile: /var/folders/5s/r45ms75d7yd..., moz:shutdownTimeout: 60000, moz:useNonSpecCompliantPointerOrigin: false, moz:webdriverClick: true, moz:windowless: false, pageLoadStrategy: normal, platformName: MAC, proxy: Proxy(), se:cdp: ws://127.0.0.1:11915/devtoo..., se:cdpVersion: 85.0, setWindowRect: true, strictFileInteractability: false, timeouts: {implicit: 0, pageLoad: 300000, script: 30000}, unhandledPromptBehavior: dismiss and notify}&#10;Session ID: 02b9978f-edd4-4ffa-8638-aa49e83e0ce3" type="org.openqa.selenium.WebDriverException"><![CDATA[org.openqa.selenium.WebDriverException: 
Failed to decode response from marionette
Build info: version: '4.6.0', revision: '79f1c02ae20'
System info: os.name: 'Mac OS X', os.arch: 'x86_64', os.version: '11.1', java.version: '17.0.1'
Driver info: org.openqa.selenium.firefox.FirefoxDriver
Command: [02b9978f-edd4-4ffa-8638-aa49e83e0ce3, executeScript {script=window.scrollBy(0,600), args=[]}]
Capabilities {acceptInsecureCerts: true, browserName: firefox, browserVersion: 107.0.1, moz:accessibilityChecks: false, moz:buildID: 20221128144904, moz:debuggerAddress: 127.0.0.1:11915, moz:geckodriverVersion: 0.31.0, moz:headless: false, moz:platformVersion: 21.2.0, moz:processID: 1634, moz:profile: /var/folders/5s/r45ms75d7yd..., moz:shutdownTimeout: 60000, moz:useNonSpecCompliantPointerOrigin: false, moz:webdriverClick: true, moz:windowless: false, pageLoadStrategy: normal, platformName: MAC, proxy: Proxy(), se:cdp: ws://127.0.0.1:11915/devtoo..., se:cdpVersion: 85.0, setWindowRect: true, strictFileInteractability: false, timeouts: {implicit: 0, pageLoad: 300000, script: 30000}, unhandledPromptBehavior: dismiss and notify}
Session ID: 02b9978f-edd4-4ffa-8638-aa49e83e0ce3
	at java.base/jdk.internal.reflect.NativeConstructorAccessorImpl.newInstance0(Native Method)
	at java.base/jdk.internal.reflect.NativeConstructorAccessorImpl.newInstance(NativeConstructorAccessorImpl.java:77)
	at java.base/jdk.internal.reflect.DelegatingConstructorAccessorImpl.newInstance(DelegatingConstructorAccessorImpl.java:45)
	at java.base/java.lang.reflect.Constructor.newInstanceWithCaller(Constructor.java:499)
	at java.base/java.lang.reflect.Constructor.newInstance(Constructor.java:480)
	at org.openqa.selenium.remote.codec.w3c.W3CHttpResponseCodec.createException(W3CHttpResponseCodec.java:200)
	at org.openqa.selenium.remote.codec.w3c.W3CHttpResponseCodec.decode(W3CHttpResponseCodec.java:133)
	at org.openqa.selenium.remote.codec.w3c.W3CHttpResponseCodec.decode(W3CHttpResponseCodec.java:53)
	at org.openqa.selenium.remote.HttpCommandExecutor.execute(HttpCommandExecutor.java:184)
	at org.openqa.selenium.remote.service.DriverCommandExecutor.invokeExecute(DriverCommandExecutor.java:167)
	at org.openqa.selenium.remote.service.DriverCommandExecutor.execute(DriverCommandExecutor.java:142)
	at org.openqa.selenium.remote.RemoteWebDriver.execute(RemoteWebDriver.java:541)
	at org.openqa.selenium.remote.RemoteWebDriver.executeScript(RemoteWebDriver.java:478)
	at WebBrowserRegistration.Automation.CaptchaVerification.avoidCaptcha(CaptchaVerification.java:26)
	at WebBrowserRegistration.Automation.registrationFramework.RegistrationImplementation(registrationFramework.java:23)
	at java.base/jdk.internal.reflect.NativeMethodAccessorImpl.invoke0(Native Method)
	at java.base/jdk.internal.reflect.NativeMethodAccessorImpl.invoke(NativeMethodAccessorImpl.java:77)
	at java.base/jdk.internal.reflect.DelegatingMethodAccessorImpl.invoke(DelegatingMethodAccessorImpl.java:43)
	at java.base/java.lang.reflect.Method.invoke(Method.java:568)
	at org.testng.internal.invokers.MethodInvocationHelper.invokeMethod(MethodInvocationHelper.java:139)
	at org.testng.internal.invokers.TestInvoker.invokeMethod(TestInvoker.java:677)
	at org.testng.internal.invokers.TestInvoker.invokeTestMethod(TestInvoker.java:221)
	at org.testng.internal.invokers.MethodRunner.runInSequence(MethodRunner.java:50)
	at org.testng.internal.invokers.TestInvoker$MethodInvocationAgent.invoke(TestInvoker.java:962)
	at org.testng.internal.invokers.TestInvoker.invokeTestMethods(TestInvoker.java:194)
	at org.testng.internal.invokers.TestMethodWorker.invokeTestMethods(TestMethodWorker.java:148)
	at org.testng.internal.invokers.TestMethodWorker.run(TestMethodWorker.java:128)
	at java.base/java.util.ArrayList.forEach(ArrayList.java:1511)
	at org.testng.TestRunner.privateRun(TestRunner.java:806)
	at org.testng.TestRunner.run(TestRunner.java:601)
	at org.testng.SuiteRunner.runTest(SuiteRunner.java:433)
	at org.testng.SuiteRunner.runSequentially(SuiteRunner.java:427)
	at org.testng.SuiteRunner.privateRun(SuiteRunner.java:387)
	at org.testng.SuiteRunner.run(SuiteRunner.java:330)
	at org.testng.SuiteRunnerWorker.runSuite(SuiteRunnerWorker.java:52)
	at org.testng.SuiteRunnerWorker.run(SuiteRunnerWorker.java:95)
	at org.testng.TestNG.runSuitesSequentially(TestNG.java:1256)
	at org.testng.TestNG.runSuitesLocally(TestNG.java:1176)
	at org.testng.TestNG.runSuites(TestNG.java:1099)
	at org.testng.TestNG.run(TestNG.java:1067)
	at org.apache.maven.surefire.testng.TestNGExecutor.run(TestNGExecutor.java:324)
	at org.apache.maven.surefire.testng.TestNGXmlTestSuite.execute(TestNGXmlTestSuite.java:74)
	at org.apache.maven.surefire.testng.TestNGProvider.invoke(TestNGProvider.java:123)
	at org.apache.maven.surefire.booter.ForkedBooter.runSuitesInProcess(ForkedBooter.java:456)
	at org.apache.maven.surefire.booter.ForkedBooter.execute(ForkedBooter.java:169)
	at org.apache.maven.surefire.booter.ForkedBooter.run(ForkedBooter.java:595)
	at org.apache.maven.surefire.booter.ForkedBooter.main(ForkedBooter.java:581)
]]></failure>
    <system-err><![CDATA[SLF4J: Failed to load class "org.slf4j.impl.StaticLoggerBinder".
SLF4J: Defaulting to no-operation (NOP) logger implementation
SLF4J: See http://www.slf4j.org/codes.html#StaticLoggerBinder for further details.
ERROR StatusLogger Log4j2 could not find a logging implementation. Please add log4j-core to the classpath. Using SimpleLogger to log to the console...
1670956726548	geckodriver	INFO	Listening on 127.0.0.1:36322
1670956726712	mozrunner::runner	INFO	Running command: "/Applications/Firefox.app/Contents/MacOS/firefox-bin" "--marionette" "--remote-debugging-port" "11915" "--remote-allow-hosts" "localhost" "--remote-allow-origins" "http://127.0.0.1:11915/,http://localhost:11915/,http://[::1]:11915/" "-foreground" "-no-remote" "-profile" "/var/folders/5s/r45ms75d7ydfv1p3hzj891xc0000gn/T/rust_mozprofileN3alWZ"
2022-12-13 13:38:47.110 plugin-container[1636:79037] nil host used in call to allowsSpecificHTTPSCertificateForHost
2022-12-13 13:38:47.110 plugin-container[1636:79037] nil host used in call to allowsAnyHTTPSCertificateForHost:
2022-12-13 13:38:47.114 plugin-container[1636:79037] nil host used in call to allowsSpecificHTTPSCertificateForHost
2022-12-13 13:38:47.114 plugin-container[1636:79037] nil host used in call to allowsAnyHTTPSCertificateForHost:
2022-12-13 13:38:47.114 plugin-container[1636:79035] nil host used in call to allowsSpecificHTTPSCertificateForHost
2022-12-13 13:38:47.114 plugin-container[1636:79035] nil host used in call to allowsAnyHTTPSCertificateForHost:
1670956727127	Marionette	INFO	Marionette enabled
1670956727155	Marionette	INFO	Listening on port 56023
Read port: 56023
WebDriver BiDi listening on ws://127.0.0.1:11915
1670956727414	RemoteAgent	WARN	TLS certificate errors will be ignored for this session
console.warn: SearchSettings: "get: No settings file exists, new profile?" (new NotFoundError("Could not open the file at /var/folders/5s/r45ms75d7ydfv1p3hzj891xc0000gn/T/rust_mozprofileN3alWZ/search.json.mozlz4", (void 0)))
DevTools listening on ws://127.0.0.1:11915/devtools/browser/bf880123-2341-4817-ab4f-5dd2f68253ec
JavaScript error: resource://gre/modules/URIFixup.sys.mjs, line 304: NS_ERROR_FAILURE: Should pass a non-null uri
JavaScript error: https://www.gstatic.com/recaptcha/releases/pn3ro1xnhf4yB8qmnrhh9iD2/recaptcha__en.js, line 292: Error: reCAPTCHA has already been rendered in this element
1670956738525	Marionette	INFO	Stopped listening on port 56023
1670956742775	geckodriver::marionette	ERROR	Failed to close browser connection: Socket is not connected (os error 57)
]]></system-err>
  </testcase>
</testsuite>